This is pdfTeX, Version 3.14159265-2.6-1.40.16 (TeX Live 2015/Debian) (preloaded format=pdflatex 2017.8.22)  11 JUN 2018 20:02
entering extended mode
 restricted \write18 enabled.
 %&-line parsing enabled.
**HMBI_manual.tex
(./HMBI_manual.tex
LaTeX2e <2016/02/01>
Babel <3.9q> and hyphenation patterns for 81 language(s) loaded.
(/usr/share/texlive/texmf-dist/tex/latex/base/article.cls
Document Class: article 2014/09/29 v1.4h Standard LaTeX document class
(/usr/share/texlive/texmf-dist/tex/latex/base/size11.clo
File: size11.clo 2014/09/29 v1.4h Standard LaTeX file (size option)
)
\c@part=\count79
\c@section=\count80
\c@subsection=\count81
\c@subsubsection=\count82
\c@paragraph=\count83
\c@subparagraph=\count84
\c@figure=\count85
\c@table=\count86
\abovecaptionskip=\skip41
\belowcaptionskip=\skip42
\bibindent=\dimen102
)
(/usr/share/texlive/texmf-dist/tex/latex/graphics/epsfig.sty
Package: epsfig 1999/02/16 v1.7a (e)psfig emulation (SPQR)

(/usr/share/texlive/texmf-dist/tex/latex/graphics/graphicx.sty
Package: graphicx 2014/10/28 v1.0g Enhanced LaTeX Graphics (DPC,SPQR)

(/usr/share/texlive/texmf-dist/tex/latex/graphics/keyval.sty
Package: keyval 2014/10/28 v1.15 key=value parser (DPC)
\KV@toks@=\toks14
)
(/usr/share/texlive/texmf-dist/tex/latex/graphics/graphics.sty
Package: graphics 2016/01/03 v1.0q Standard LaTeX Graphics (DPC,SPQR)

(/usr/share/texlive/texmf-dist/tex/latex/graphics/trig.sty
Package: trig 2016/01/03 v1.10 sin cos tan (DPC)
)
(/usr/share/texlive/texmf-dist/tex/latex/latexconfig/graphics.cfg
File: graphics.cfg 2010/04/23 v1.9 graphics configuration of TeX Live
)
Package graphics Info: Driver file: pdftex.def on input line 95.

(/usr/share/texlive/texmf-dist/tex/latex/pdftex-def/pdftex.def
File: pdftex.def 2011/05/27 v0.06d Graphics/color for pdfTeX

(/usr/share/texlive/texmf-dist/tex/generic/oberdiek/infwarerr.sty
Package: infwarerr 2010/04/08 v1.3 Providing info/warning/error messages (HO)
)
(/usr/share/texlive/texmf-dist/tex/generic/oberdiek/ltxcmds.sty
Package: ltxcmds 2011/11/09 v1.22 LaTeX kernel commands for general use (HO)
)
\Gread@gobject=\count87
))
\Gin@req@height=\dimen103
\Gin@req@width=\dimen104
)
\epsfxsize=\dimen105
\epsfysize=\dimen106
)
(/usr/share/texlive/texmf-dist/tex/latex/setspace/setspace.sty
Package: setspace 2011/12/19 v6.7a set line spacing
)
(/usr/share/texlive/texmf-dist/tex/latex/geometry/geometry.sty
Package: geometry 2010/09/12 v5.6 Page Geometry

(/usr/share/texlive/texmf-dist/tex/generic/oberdiek/ifpdf.sty
Package: ifpdf 2011/01/30 v2.3 Provides the ifpdf switch (HO)
Package ifpdf Info: pdfTeX in PDF mode is detected.
)
(/usr/share/texlive/texmf-dist/tex/generic/oberdiek/ifvtex.sty
Package: ifvtex 2010/03/01 v1.5 Detect VTeX and its facilities (HO)
Package ifvtex Info: VTeX not detected.
)
(/usr/share/texlive/texmf-dist/tex/generic/ifxetex/ifxetex.sty
Package: ifxetex 2010/09/12 v0.6 Provides ifxetex conditional
)
\Gm@cnth=\count88
\Gm@cntv=\count89
\c@Gm@tempcnt=\count90
\Gm@bindingoffset=\dimen107
\Gm@wd@mp=\dimen108
\Gm@odd@mp=\dimen109
\Gm@even@mp=\dimen110
\Gm@layoutwidth=\dimen111
\Gm@layoutheight=\dimen112
\Gm@layouthoffset=\dimen113
\Gm@layoutvoffset=\dimen114
\Gm@dimlist=\toks15
)
(/usr/share/texlive/texmf-dist/tex/latex/graphics/color.sty
Package: color 2016/01/03 v1.1b Standard LaTeX Color (DPC)

(/usr/share/texlive/texmf-dist/tex/latex/latexconfig/color.cfg
File: color.cfg 2007/01/18 v1.5 color configuration of teTeX/TeXLive
)
Package color Info: Driver file: pdftex.def on input line 143.
)
(/usr/share/texlive/texmf-dist/tex/latex/tools/multicol.sty
Package: multicol 2015/08/19 v1.8n multicolumn formatting (FMi)
\c@tracingmulticols=\count91
\mult@box=\box26
\multicol@leftmargin=\dimen115
\c@unbalance=\count92
\c@collectmore=\count93
\doublecol@number=\count94
\multicoltolerance=\count95
\multicolpretolerance=\count96
\full@width=\dimen116
\page@free=\dimen117
\premulticols=\dimen118
\postmulticols=\dimen119
\multicolsep=\skip43
\multicolbaselineskip=\skip44
\partial@page=\box27
\last@line=\box28
\maxbalancingoverflow=\dimen120
\mult@rightbox=\box29
\mult@grightbox=\box30
\mult@gfirstbox=\box31
\mult@firstbox=\box32
\@tempa=\box33
\@tempa=\box34
\@tempa=\box35
\@tempa=\box36
\@tempa=\box37
\@tempa=\box38
\@tempa=\box39
\@tempa=\box40
\@tempa=\box41
\@tempa=\box42
\@tempa=\box43
\@tempa=\box44
\@tempa=\box45
\@tempa=\box46
\@tempa=\box47
\@tempa=\box48
\@tempa=\box49
\c@columnbadness=\count97
\c@finalcolumnbadness=\count98
\last@try=\dimen121
\multicolovershoot=\dimen122
\multicolundershoot=\dimen123
\mult@nat@firstbox=\box50
\colbreak@box=\box51
\mc@col@check@num=\count99
) (./HMBI_manual.aux)
\openout1 = `HMBI_manual.aux'.

LaTeX Font Info:    Checking defaults for OML/cmm/m/it on input line 26.
LaTeX Font Info:    ... okay on input line 26.
LaTeX Font Info:    Checking defaults for T1/cmr/m/n on input line 26.
LaTeX Font Info:    ... okay on input line 26.
LaTeX Font Info:    Checking defaults for OT1/cmr/m/n on input line 26.
LaTeX Font Info:    ... okay on input line 26.
LaTeX Font Info:    Checking defaults for OMS/cmsy/m/n on input line 26.
LaTeX Font Info:    ... okay on input line 26.
LaTeX Font Info:    Checking defaults for OMX/cmex/m/n on input line 26.
LaTeX Font Info:    ... okay on input line 26.
LaTeX Font Info:    Checking defaults for U/cmr/m/n on input line 26.
LaTeX Font Info:    ... okay on input line 26.
 (/usr/share/texlive/texmf-dist/tex/context/base/supp-pdf.mkii
[Loading MPS to PDF converter (version 2006.09.02).]
\scratchcounter=\count100
\scratchdimen=\dimen124
\scratchbox=\box52
\nofMPsegments=\count101
\nofMParguments=\count102
\everyMPshowfont=\toks16
\MPscratchCnt=\count103
\MPscratchDim=\dimen125
\MPnumerator=\count104
\makeMPintoPDFobject=\count105
\everyMPtoPDFconversion=\toks17
) (/usr/share/texlive/texmf-dist/tex/generic/oberdiek/pdftexcmds.sty
Package: pdftexcmds 2011/11/29 v0.20 Utility functions of pdfTeX for LuaTeX (HO
)

(/usr/share/texlive/texmf-dist/tex/generic/oberdiek/ifluatex.sty
Package: ifluatex 2010/03/01 v1.3 Provides the ifluatex switch (HO)
Package ifluatex Info: LuaTeX not detected.
)
Package pdftexcmds Info: LuaTeX not detected.
Package pdftexcmds Info: \pdf@primitive is available.
Package pdftexcmds Info: \pdf@ifprimitive is available.
Package pdftexcmds Info: \pdfdraftmode found.
)
(/usr/share/texlive/texmf-dist/tex/latex/oberdiek/epstopdf-base.sty
Package: epstopdf-base 2010/02/09 v2.5 Base part for package epstopdf

(/usr/share/texlive/texmf-dist/tex/latex/oberdiek/grfext.sty
Package: grfext 2010/08/19 v1.1 Manage graphics extensions (HO)

(/usr/share/texlive/texmf-dist/tex/generic/oberdiek/kvdefinekeys.sty
Package: kvdefinekeys 2011/04/07 v1.3 Define keys (HO)
))
(/usr/share/texlive/texmf-dist/tex/latex/oberdiek/kvoptions.sty
Package: kvoptions 2011/06/30 v3.11 Key value format for package options (HO)

(/usr/share/texlive/texmf-dist/tex/generic/oberdiek/kvsetkeys.sty
Package: kvsetkeys 2012/04/25 v1.16 Key value parser (HO)

(/usr/share/texlive/texmf-dist/tex/generic/oberdiek/etexcmds.sty
Package: etexcmds 2011/02/16 v1.5 Avoid name clashes with e-TeX commands (HO)
Package etexcmds Info: Could not find \expanded.
(etexcmds)             That can mean that you are not using pdfTeX 1.50 or
(etexcmds)             that some package has redefined \expanded.
(etexcmds)             In the latter case, load this package earlier.
)))
Package grfext Info: Graphics extension search list:
(grfext)             [.png,.pdf,.jpg,.mps,.jpeg,.jbig2,.jb2,.PNG,.PDF,.JPG,.JPE
G,.JBIG2,.JB2,.eps]
(grfext)             \AppendGraphicsExtensions on input line 452.

(/usr/share/texlive/texmf-dist/tex/latex/latexconfig/epstopdf-sys.cfg
File: epstopdf-sys.cfg 2010/07/13 v1.3 Configuration of (r)epstopdf for TeX Liv
e
))
*geometry* detected driver: dvips
*geometry* verbose mode - [ preamble ] result:
* driver: dvips
* paper: letterpaper
* layout: <same size as paper>
* layoutoffset:(h,v)=(0.0pt,0.0pt)
* modes: 
* h-part:(L,W,R)=(72.26999pt, 469.75502pt, 72.26999pt)
* v-part:(T,H,B)=(72.26999pt, 650.43001pt, 72.26999pt)
* \paperwidth=614.295pt
* \paperheight=794.96999pt
* \textwidth=469.75502pt
* \textheight=650.43001pt
* \oddsidemargin=0.0pt
* \evensidemargin=0.0pt
* \topmargin=-37.0pt
* \headheight=12.0pt
* \headsep=25.0pt
* \topskip=11.0pt
* \footskip=0.0pt
* \marginparwidth=59.0pt
* \marginparsep=10.0pt
* \columnsep=10.0pt
* \skip\footins=10.0pt plus 4.0pt minus 2.0pt
* \hoffset=0.0pt
* \voffset=0.0pt
* \mag=1000
* \@twocolumnfalse
* \@twosidefalse
* \@mparswitchfalse
* \@reversemarginfalse
* (1in=72.27pt=25.4mm, 1cm=28.453pt)

(./HMBI_manual.toc
LaTeX Font Info:    External font `cmex10' loaded for size
(Font)              <10.95> on input line 3.
LaTeX Font Info:    External font `cmex10' loaded for size
(Font)              <8> on input line 3.
LaTeX Font Info:    External font `cmex10' loaded for size
(Font)              <6> on input line 3.
 [1
Non-PDF special ignored!

{/var/lib/texmf/fonts/map/pdftex/updmap/pdftex.map}])
\tf@toc=\write3
\openout3 = `HMBI_manual.toc'.

LaTeX Font Info:    Try loading font information for OMS+cmr on input line 74.

(/usr/share/texlive/texmf-dist/tex/latex/base/omscmr.fd
File: omscmr.fd 2014/09/29 v2.5h Standard LaTeX font definitions
)
LaTeX Font Info:    Font shape `OMS/cmr/m/n' in size <10.95> not available
(Font)              Font shape `OMS/cmsy/m/n' tried instead on input line 74.
 [2]
Overfull \hbox (32.11888pt too wide) in paragraph at lines 114--135
[][] 
 []

[3]
Underfull \hbox (badness 10000) in paragraph at lines 192--193

 []


Underfull \hbox (badness 10000) in paragraph at lines 193--194

 []


Underfull \hbox (badness 10000) in paragraph at lines 195--196

 []


Underfull \hbox (badness 10000) in paragraph at lines 196--197

 []


Underfull \hbox (badness 10000) in paragraph at lines 198--199

 []


Underfull \hbox (badness 10000) in paragraph at lines 200--201

 []


Underfull \hbox (badness 10000) in paragraph at lines 202--203

 []

[4]
Underfull \hbox (badness 10000) in paragraph at lines 203--204

 []


Underfull \hbox (badness 10000) in paragraph at lines 207--208

 []


Underfull \hbox (badness 10000) in paragraph at lines 208--209

 []


Underfull \hbox (badness 10000) in paragraph at lines 209--210

 []


Underfull \hbox (badness 10000) in paragraph at lines 212--213

 []


Underfull \hbox (badness 10000) in paragraph at lines 213--214

 []


Underfull \hbox (badness 10000) in paragraph at lines 214--215

 []


Underfull \hbox (badness 10000) in paragraph at lines 236--237

 []


Underfull \hbox (badness 10000) in paragraph at lines 238--240

 []


Underfull \hbox (badness 10000) in paragraph at lines 242--244

 []


Underfull \hbox (badness 10000) in paragraph at lines 245--247

 []

[5] [6]
Missing character: There is no ‚ in font cmr10!
Missing character: There is no Ä in font cmr10!
Missing character: There is no ú in font cmr10!
Missing character: There is no ‚ in font cmr10!
Missing character: There is no Ä in font cmr10!
Missing character: There is no ù in font cmr10!
 [7] [8] [9] [10]
Underfull \hbox (badness 10000) in paragraph at lines 564--568

 []

[11]
Underfull \hbox (badness 10000) in paragraph at lines 668--673

 []

[12]
Underfull \hbox (badness 10000) in paragraph at lines 682--688

 []

[13] [14] [15] [16] [17] [18] [19] [20]
Underfull \hbox (badness 10000) in paragraph at lines 1122--1125

 []


Underfull \hbox (badness 10000) in paragraph at lines 1128--1145

 []


Underfull \hbox (badness 10000) in paragraph at lines 1128--1145

 []


Underfull \hbox (badness 10000) in paragraph at lines 1147--1154

 []


Underfull \hbox (badness 10000) in paragraph at lines 1155--1162

 []


Underfull \hbox (badness 10000) in paragraph at lines 1163--1170

 []

[21]
Underfull \hbox (badness 10000) in paragraph at lines 1171--1176

 []


Underfull \hbox (badness 10000) in paragraph at lines 1177--1183

 []


Underfull \hbox (badness 10000) in paragraph at lines 1184--1189

 []


Underfull \hbox (badness 10000) in paragraph at lines 1190--1195

 []


Underfull \hbox (badness 10000) in paragraph at lines 1196--1205

 []


Underfull \hbox (badness 10000) in paragraph at lines 1206--1214

 []


Underfull \hbox (badness 10000) in paragraph at lines 1215--1223

 []


Underfull \hbox (badness 10000) in paragraph at lines 1224--1231

 []

[22]
Underfull \hbox (badness 10000) in paragraph at lines 1232--1238

 []


Underfull \hbox (badness 10000) in paragraph at lines 1239--1246

 []


Underfull \hbox (badness 10000) in paragraph at lines 1247--1252

 []


Underfull \hbox (badness 10000) in paragraph at lines 1253--1258

 []


Underfull \hbox (badness 10000) in paragraph at lines 1259--1264

 []


Underfull \hbox (badness 10000) in paragraph at lines 1265--1270

 []


Underfull \hbox (badness 10000) in paragraph at lines 1271--1276

 []


Underfull \hbox (badness 10000) in paragraph at lines 1278--1283

 []


Underfull \hbox (badness 10000) in paragraph at lines 1284--1289

 []

[23]
Underfull \hbox (badness 10000) in paragraph at lines 1290--1295

 []


Underfull \hbox (badness 10000) in paragraph at lines 1296--1302

 []


Underfull \hbox (badness 10000) in paragraph at lines 1303--1309

 []


Underfull \hbox (badness 10000) in paragraph at lines 1310--1315

 []


Underfull \hbox (badness 10000) in paragraph at lines 1318--1323

 []


Underfull \hbox (badness 10000) in paragraph at lines 1324--1331

 []


Overfull \hbox (47.3066pt too wide) in paragraph at lines 1333--1338
\OT1/cmr/m/n/10.95 Notes: Ex-pand or con-tract (neg-a-tive to con-tract) vol-um
e of the unit cell isotrop-i-cally. If SPACE[]SYMMETRY
 []


Underfull \hbox (badness 10000) in paragraph at lines 1333--1338

 []


Underfull \hbox (badness 10000) in paragraph at lines 1339--1345

 []

[24]
Underfull \hbox (badness 10000) in paragraph at lines 1346--1352

 []


Underfull \hbox (badness 10000) in paragraph at lines 1353--1359

 []


Underfull \hbox (badness 10000) in paragraph at lines 1360--1366

 []


Underfull \hbox (badness 10000) in paragraph at lines 1368--1374

 []


Underfull \hbox (badness 10000) in paragraph at lines 1375--1381

 []


Underfull \hbox (badness 10000) in paragraph at lines 1382--1387

 []


Underfull \hbox (badness 10000) in paragraph at lines 1389--1395

 []


Underfull \hbox (badness 10000) in paragraph at lines 1398--1404

 []

[25]
Underfull \hbox (badness 10000) in paragraph at lines 1405--1411

 []


Underfull \hbox (badness 10000) in paragraph at lines 1412--1417

 []


Underfull \hbox (badness 10000) in paragraph at lines 1418--1423

 []


Underfull \hbox (badness 10000) in paragraph at lines 1424--1429

 []


Underfull \hbox (badness 10000) in paragraph at lines 1430--1435

 []


Underfull \hbox (badness 10000) in paragraph at lines 1436--1441

 []


Underfull \hbox (badness 10000) in paragraph at lines 1442--1447

 []


Underfull \hbox (badness 10000) in paragraph at lines 1448--1453

 []


Underfull \hbox (badness 10000) in paragraph at lines 1455--1460

 []

[26]
Underfull \hbox (badness 10000) in paragraph at lines 1461--1466

 []


Underfull \hbox (badness 10000) in paragraph at lines 1467--1472

 []


Underfull \hbox (badness 10000) in paragraph at lines 1473--1478

 []


Underfull \hbox (badness 10000) in paragraph at lines 1479--1484

 []


Underfull \hbox (badness 10000) in paragraph at lines 1485--1490

 []


Underfull \hbox (badness 10000) in paragraph at lines 1491--1496

 []


Underfull \hbox (badness 10000) in paragraph at lines 1497--1502

 []


Underfull \hbox (badness 10000) in paragraph at lines 1503--1508

 []


Underfull \hbox (badness 10000) in paragraph at lines 1509--1514

 []


Underfull \hbox (badness 10000) in paragraph at lines 1515--1520

 []

[27]
Underfull \hbox (badness 10000) in paragraph at lines 1521--1526

 []


Underfull \hbox (badness 10000) in paragraph at lines 1527--1532

 []


Underfull \hbox (badness 10000) in paragraph at lines 1537--1545

 []


Underfull \hbox (badness 10000) in paragraph at lines 1547--1553

 []


Underfull \hbox (badness 10000) in paragraph at lines 1555--1560

 []


Underfull \hbox (badness 10000) in paragraph at lines 1562--1568

 []


Underfull \hbox (badness 10000) in paragraph at lines 1569--1575

 []


Underfull \hbox (badness 10000) in paragraph at lines 1576--1582

 []

[28]
Underfull \hbox (badness 10000) in paragraph at lines 1583--1588

 []


Underfull \hbox (badness 10000) in paragraph at lines 1590--1596

 []


Underfull \hbox (badness 10000) in paragraph at lines 1599--1604

 []


Underfull \hbox (badness 10000) in paragraph at lines 1605--1610

 []


Underfull \hbox (badness 10000) in paragraph at lines 1611--1616

 []


Underfull \hbox (badness 10000) in paragraph at lines 1617--1624

 []


Underfull \hbox (badness 10000) in paragraph at lines 1625--1631

 []


Underfull \hbox (badness 10000) in paragraph at lines 1632--1640

 []

[29]
Underfull \hbox (badness 10000) in paragraph at lines 1641--1647

 []


Underfull \hbox (badness 10000) in paragraph at lines 1650--1656

 []


Underfull \hbox (badness 10000) in paragraph at lines 1657--1662

 []


Underfull \hbox (badness 10000) in paragraph at lines 1663--1668

 []


Underfull \hbox (badness 10000) in paragraph at lines 1669--1674

 []


Underfull \hbox (badness 10000) in paragraph at lines 1675--1680

 []


Underfull \hbox (badness 10000) in paragraph at lines 1681--1688

 []


Underfull \hbox (badness 10000) in paragraph at lines 1691--1696

 []

[30]
Underfull \hbox (badness 10000) in paragraph at lines 1697--1705

 []


Underfull \hbox (badness 10000) in paragraph at lines 1706--1711

 []


Underfull \hbox (badness 10000) in paragraph at lines 1712--1719

 []


Underfull \hbox (badness 10000) in paragraph at lines 1721--1727

 []


Underfull \hbox (badness 10000) in paragraph at lines 1730--1736

 []


Underfull \hbox (badness 10000) in paragraph at lines 1737--1748

 []

[31]
Underfull \hbox (badness 10000) in paragraph at lines 1749--1755

 []


Underfull \hbox (badness 10000) in paragraph at lines 1756--1763

 []


Underfull \hbox (badness 10000) in paragraph at lines 1764--1769

 []


Underfull \hbox (badness 10000) in paragraph at lines 1770--1775

 []


Underfull \hbox (badness 10000) in paragraph at lines 1776--1781

 []


Underfull \hbox (badness 10000) in paragraph at lines 1785--1790

 []


Underfull \hbox (badness 10000) in paragraph at lines 1791--1796

 []


Underfull \hbox (badness 10000) in paragraph at lines 1797--1802

 []

[32]
Underfull \hbox (badness 10000) in paragraph at lines 1803--1808

 []


Underfull \hbox (badness 10000) in paragraph at lines 1809--1814

 []


Underfull \hbox (badness 10000) in paragraph at lines 1840--1850

 []


Underfull \hbox (badness 10000) in paragraph at lines 1859--1871

 []

[33]

LaTeX Warning: Command \r invalid in math mode on input line 1922.


Underfull \hbox (badness 10000) in paragraph at lines 1918--1925

 []

[34]

LaTeX Warning: Command \r invalid in math mode on input line 1940.

[35] [36] [37] [38] [39]
LaTeX Font Info:    External font `cmex10' loaded for size
(Font)              <12> on input line 2200.
 [40] [41] [42]
Overfull \hbox (47.62688pt too wide) in paragraph at lines 2323--2323
[]\OT1/cmtt/m/n/10.95 test = fopen('resorcinolAlpha.freq'); <--- Will need to b
ecome whatever your .freq name is[] 
 []


Overfull \hbox (72.48177pt too wide) in paragraph at lines 2328--2337
[][] 
 []

[43] [44] [45]
Overfull \hbox (13.13475pt too wide) in paragraph at lines 2613--2613
[]\OT1/cmtt/m/n/10.95 fprintf(results,'#Temperature (K)     Optimal Volume (Ang
^3)    Free Energy (kJ/mol)[] 
 []

[46] [47] [48] [49] [50] [51] [52] [53] [54] [55] (./HMBI_manual.aux) ) 
Here is how much of TeX's memory you used:
 2244 strings out of 493029
 32446 string characters out of 6136234
 106682 words of memory out of 5000000
 5754 multiletter control sequences out of 15000+600000
 10359 words of font info for 36 fonts, out of 8000000 for 9000
 1141 hyphenation exceptions out of 8191
 38i,7n,32p,962b,431s stack positions out of 5000i,500n,10000p,200000b,80000s
</usr/sh
are/texlive/texmf-dist/fonts/type1/public/amsfonts/cm/cmbx10.pfb></usr/share/te
xlive/texmf-dist/fonts/type1/public/amsfonts/cm/cmbx12.pfb></usr/share/texlive/
texmf-dist/fonts/type1/public/amsfonts/cm/cmbxti10.pfb></usr/share/texlive/texm
f-dist/fonts/type1/public/amsfonts/cm/cmex10.pfb></usr/share/texlive/texmf-dist
/fonts/type1/public/amsfonts/cm/cmmi10.pfb></usr/share/texlive/texmf-dist/fonts
/type1/public/amsfonts/cm/cmmi12.pfb></usr/share/texlive/texmf-dist/fonts/type1
/public/amsfonts/cm/cmmi6.pfb></usr/share/texlive/texmf-dist/fonts/type1/public
/amsfonts/cm/cmmi8.pfb></usr/share/texlive/texmf-dist/fonts/type1/public/amsfon
ts/cm/cmr10.pfb></usr/share/texlive/texmf-dist/fonts/type1/public/amsfonts/cm/c
mr12.pfb></usr/share/texlive/texmf-dist/fonts/type1/public/amsfonts/cm/cmr6.pfb
></usr/share/texlive/texmf-dist/fonts/type1/public/amsfonts/cm/cmr8.pfb></usr/s
hare/texlive/texmf-dist/fonts/type1/public/amsfonts/cm/cmsl10.pfb></usr/share/t
exlive/texmf-dist/fonts/type1/public/amsfonts/cm/cmsy10.pfb></usr/share/texlive
/texmf-dist/fonts/type1/public/amsfonts/cm/cmsy6.pfb></usr/share/texlive/texmf-
dist/fonts/type1/public/amsfonts/cm/cmsy8.pfb></usr/share/texlive/texmf-dist/fo
nts/type1/public/amsfonts/cm/cmti10.pfb></usr/share/texlive/texmf-dist/fonts/ty
pe1/public/amsfonts/cm/cmtt10.pfb>
Output written on HMBI_manual.pdf (55 pages, 313903 bytes).
PDF statistics:
 255 PDF objects out of 1000 (max. 8388607)
 178 compressed objects within 2 object streams
 0 named destinations out of 1000 (max. 500000)
 1 words of extra memory for PDF output out of 10000 (max. 10000000)

